# JRE version: OpenJDK Runtime Environment (17.0.7) (build 17.0.7+0-b2043.56-10550314)
# Java VM: OpenJDK 64-Bit Server VM (17.0.7+0-b2043.56-10550314, mixed mode, tiered, compressed oops, compressed class ptrs, g1 gc, windows-amd64)
GC Precious Log:
 CPUs: 4 total, 4 available
 Memory: 7112M
 Large Page Support: Disabled
 NUMA Support: Disabled
 Compressed Oops: Enabled (32-bit)
 Heap Region Size: 1M
 Heap Min Capacity: 8M
 Heap Initial Capacity: 112M
 Heap Max Capacity: 2G
 Pre-touch: Disabled
 Parallel Workers: 4
 Concurrent Workers: 1
 Concurrent Refinement Workers: 4
 Periodic GC: Disabled
Heap:
 garbage-first heap   total 283648K, used 147881K [0x0000000080000000, 0x0000000100000000)
  region size 1024K, 45 young (46080K), 10 survivors (10240K)
 Metaspace       used 105776K, committed 106560K, reserved 1179648K
  class space    used 14638K, committed 14976K, reserved 1048576K
GC Heap History (20 events):
Event: 27.330 GC heap before
{Heap before GC invocations=40 (full 0):
 garbage-first heap   total 168960K, used 132267K [0x0000000080000000, 0x0000000100000000)
  region size 1024K, 51 young (52224K), 5 survivors (5120K)
 Metaspace       used 85444K, committed 86080K, reserved 1179648K
  class space    used 11745K, committed 12032K, reserved 1048576K
}
Event: 27.338 GC heap after
{Heap after GC invocations=41 (full 0):
 garbage-first heap   total 168960K, used 85540K [0x0000000080000000, 0x0000000100000000)
  region size 1024K, 2 young (2048K), 2 survivors (2048K)
 Metaspace       used 85444K, committed 86080K, reserved 1179648K
  class space    used 11745K, committed 12032K, reserved 1048576K
}
Event: 27.465 GC heap before
{Heap before GC invocations=41 (full 0):
 garbage-first heap   total 168960K, used 90660K [0x0000000080000000, 0x0000000100000000)
  region size 1024K, 8 young (8192K), 2 survivors (2048K)
 Metaspace       used 85928K, committed 86528K, reserved 1179648K
  class space    used 11799K, committed 12096K, reserved 1048576K
}
Event: 27.471 GC heap after
{Heap after GC invocations=42 (full 0):
 garbage-first heap   total 168960K, used 85186K [0x0000000080000000, 0x0000000100000000)
  region size 1024K, 1 young (1024K), 1 survivors (1024K)
 Metaspace       used 85928K, committed 86528K, reserved 1179648K
  class space    used 11799K, committed 12096K, reserved 1048576K
}
Event: 28.852 GC heap before
{Heap before GC invocations=42 (full 0):
 garbage-first heap   total 168960K, used 134338K [0x0000000080000000, 0x0000000100000000)
  region size 1024K, 49 young (50176K), 1 survivors (1024K)
 Metaspace       used 89571K, committed 90176K, reserved 1179648K
  class space    used 12320K, committed 12608K, reserved 1048576K
}
Event: 28.859 GC heap after
{Heap after GC invocations=43 (full 0):
 garbage-first heap   total 168960K, used 88086K [0x0000000080000000, 0x0000000100000000)
  region size 1024K, 4 young (4096K), 4 survivors (4096K)
 Metaspace       used 89571K, committed 90176K, reserved 1179648K
  class space    used 12320K, committed 12608K, reserved 1048576K
}
Event: 29.707 GC heap before
{Heap before GC invocations=44 (full 0):
 garbage-first heap   total 168960K, used 136214K [0x0000000080000000, 0x0000000100000000)
  region size 1024K, 51 young (52224K), 4 survivors (4096K)
 Metaspace       used 93303K, committed 93952K, reserved 1179648K
  class space    used 12911K, committed 13248K, reserved 1048576K
}
Event: 29.714 GC heap after
{Heap after GC invocations=45 (full 0):
 garbage-first heap   total 168960K, used 90512K [0x0000000080000000, 0x0000000100000000)
  region size 1024K, 6 young (6144K), 6 survivors (6144K)
 Metaspace       used 93303K, committed 93952K, reserved 1179648K
  class space    used 12911K, committed 13248K, reserved 1048576K
}
Event: 29.742 GC heap before
{Heap before GC invocations=45 (full 0):
 garbage-first heap   total 168960K, used 92560K [0x0000000080000000, 0x0000000100000000)
  region size 1024K, 8 young (8192K), 6 survivors (6144K)
 Metaspace       used 93462K, committed 94080K, reserved 1179648K
  class space    used 12937K, committed 13248K, reserved 1048576K
}
Event: 29.749 GC heap after
{Heap after GC invocations=46 (full 0):
 garbage-first heap   total 168960K, used 90695K [0x0000000080000000, 0x0000000100000000)
  region size 1024K, 1 young (1024K), 1 survivors (1024K)
 Metaspace       used 93462K, committed 94080K, reserved 1179648K
  class space    used 12937K, committed 13248K, reserved 1048576K
}
Event: 31.049 GC heap before
{Heap before GC invocations=46 (full 0):
 garbage-first heap   total 168960K, used 137799K [0x0000000080000000, 0x0000000100000000)
  region size 1024K, 47 young (48128K), 1 survivors (1024K)
 Metaspace       used 97413K, committed 98112K, reserved 1179648K
  class space    used 13439K, committed 13824K, reserved 1048576K
}
Event: 31.053 GC heap after
{Heap after GC invocations=47 (full 0):
 garbage-first heap   total 168960K, used 93421K [0x0000000080000000, 0x0000000100000000)
  region size 1024K, 4 young (4096K), 4 survivors (4096K)
 Metaspace       used 97413K, committed 98112K, reserved 1179648K
  class space    used 13439K, committed 13824K, reserved 1048576K
}
Event: 31.581 GC heap before
{Heap before GC invocations=47 (full 0):
 garbage-first heap   total 168960K, used 138477K [0x0000000080000000, 0x0000000100000000)
  region size 1024K, 48 young (49152K), 4 survivors (4096K)
 Metaspace       used 97878K, committed 98624K, reserved 1179648K
  class space    used 13481K, committed 13824K, reserved 1048576K
}
Event: 31.592 GC heap after
{Heap after GC invocations=48 (full 0):
 garbage-first heap   total 168960K, used 99715K [0x0000000080000000, 0x0000000100000000)
  region size 1024K, 6 young (6144K), 6 survivors (6144K)
 Metaspace       used 97878K, committed 98624K, reserved 1179648K
  class space    used 13481K, committed 13824K, reserved 1048576K
}
Event: 32.448 GC heap before
{Heap before GC invocations=48 (full 0):
 garbage-first heap   total 168960K, used 137603K [0x0000000080000000, 0x0000000100000000)
  region size 1024K, 44 young (45056K), 6 survivors (6144K)
 Metaspace       used 99946K, committed 100608K, reserved 1179648K
  class space    used 13864K, committed 14208K, reserved 1048576K
}
Event: 32.461 GC heap after
{Heap after GC invocations=49 (full 0):
 garbage-first heap   total 168960K, used 106055K [0x0000000080000000, 0x0000000100000000)
  region size 1024K, 6 young (6144K), 6 survivors (6144K)
 Metaspace       used 99946K, committed 100608K, reserved 1179648K
  class space    used 13864K, committed 14208K, reserved 1048576K
}
Event: 32.889 GC heap before
{Heap before GC invocations=49 (full 0):
 garbage-first heap   total 168960K, used 138823K [0x0000000080000000, 0x0000000100000000)
  region size 1024K, 39 young (39936K), 6 survivors (6144K)
 Metaspace       used 100033K, committed 100864K, reserved 1179648K
  class space    used 13866K, committed 14272K, reserved 1048576K
}
Event: 32.899 GC heap after
{Heap after GC invocations=50 (full 0):
 garbage-first heap   total 283648K, used 108201K [0x0000000080000000, 0x0000000100000000)
  region size 1024K, 4 young (4096K), 4 survivors (4096K)
 Metaspace       used 100033K, committed 100864K, reserved 1179648K
  class space    used 13866K, committed 14272K, reserved 1048576K
}
Event: 37.974 GC heap before
{Heap before GC invocations=50 (full 0):
 garbage-first heap   total 283648K, used 221865K [0x0000000080000000, 0x0000000100000000)
  region size 1024K, 116 young (118784K), 4 survivors (4096K)
 Metaspace       used 103135K, committed 103872K, reserved 1179648K
  class space    used 14239K, committed 14592K, reserved 1048576K
}
Event: 37.986 GC heap after
{Heap after GC invocations=51 (full 0):
 garbage-first heap   total 283648K, used 114089K [0x0000000080000000, 0x0000000100000000)
  region size 1024K, 10 young (10240K), 10 survivors (10240K)
 Metaspace       used 103135K, committed 103872K, reserved 1179648K
  class space    used 14239K, committed 14592K, reserved 1048576K
}

